[2.082s] Invoking command in '/home/izzypopiolek/ldlidar_ros_ws/src/data_processing': PYTHONPATH=/home/izzypopiolek/ldlidar_ros_ws/src/data_processing/build/data_processing/prefix_override:/usr/lib/python3/dist-packages/colcon_core/task/python/colcon_distutils_commands:/home/izzypopiolek/ldlidar_ros_ws/src/data_processing/install/data_processing/lib/python3.10/site-packages:${PYTHONPATH} /usr/bin/python3 -W ignore:setup.py install is deprecated -W ignore:easy_install command is deprecated setup.py egg_info --egg-base build/data_processing build --build-base /home/izzypopiolek/ldlidar_ros_ws/src/data_processing/build/data_processing/build install --record /home/izzypopiolek/ldlidar_ros_ws/src/data_processing/build/data_processing/install.log --single-version-externally-managed install_data
[2.954s] running egg_info
[2.956s] writing build/data_processing/data_processing.egg-info/PKG-INFO
[2.960s] writing dependency_links to build/data_processing/data_processing.egg-info/dependency_links.txt
[2.963s] writing entry points to build/data_processing/data_processing.egg-info/entry_points.txt
[2.963s] writing requirements to build/data_processing/data_processing.egg-info/requires.txt
[2.965s] writing top-level names to build/data_processing/data_processing.egg-info/top_level.txt
[2.974s] reading manifest file 'build/data_processing/data_processing.egg-info/SOURCES.txt'
[2.985s] writing manifest file 'build/data_processing/data_processing.egg-info/SOURCES.txt'
[2.985s] running build
[2.986s] running build_py
[2.989s] copying data_processing/mesh_to_stl_node.py -> /home/izzypopiolek/ldlidar_ros_ws/src/data_processing/build/data_processing/build/lib/data_processing
[2.991s] running install
[2.991s] running install_lib
[2.994s] copying /home/izzypopiolek/ldlidar_ros_ws/src/data_processing/build/data_processing/build/lib/data_processing/mesh_to_stl_node.py -> /home/izzypopiolek/ldlidar_ros_ws/src/data_processing/install/data_processing/lib/python3.10/site-packages/data_processing
[2.997s] byte-compiling /home/izzypopiolek/ldlidar_ros_ws/src/data_processing/install/data_processing/lib/python3.10/site-packages/data_processing/mesh_to_stl_node.py to mesh_to_stl_node.cpython-310.pyc
[3.003s] running install_data
[3.008s] running install_egg_info
[3.011s] removing '/home/izzypopiolek/ldlidar_ros_ws/src/data_processing/install/data_processing/lib/python3.10/site-packages/data_processing-0.0.1-py3.10.egg-info' (and everything under it)
[3.012s] Copying build/data_processing/data_processing.egg-info to /home/izzypopiolek/ldlidar_ros_ws/src/data_processing/install/data_processing/lib/python3.10/site-packages/data_processing-0.0.1-py3.10.egg-info
[3.016s] running install_scripts
[3.075s] Installing mesh_modifier_node script to /home/izzypopiolek/ldlidar_ros_ws/src/data_processing/install/data_processing/lib/data_processing
[3.076s] Installing mesh_publisher_node script to /home/izzypopiolek/ldlidar_ros_ws/src/data_processing/install/data_processing/lib/data_processing
[3.077s] Installing mesh_to_stl_node script to /home/izzypopiolek/ldlidar_ros_ws/src/data_processing/install/data_processing/lib/data_processing
[3.077s] Installing pcd_publisher_node script to /home/izzypopiolek/ldlidar_ros_ws/src/data_processing/install/data_processing/lib/data_processing
[3.079s] writing list of installed files to '/home/izzypopiolek/ldlidar_ros_ws/src/data_processing/build/data_processing/install.log'
[3.181s] Invoked command in '/home/izzypopiolek/ldlidar_ros_ws/src/data_processing' returned '0': PYTHONPATH=/home/izzypopiolek/ldlidar_ros_ws/src/data_processing/build/data_processing/prefix_override:/usr/lib/python3/dist-packages/colcon_core/task/python/colcon_distutils_commands:/home/izzypopiolek/ldlidar_ros_ws/src/data_processing/install/data_processing/lib/python3.10/site-packages:${PYTHONPATH} /usr/bin/python3 -W ignore:setup.py install is deprecated -W ignore:easy_install command is deprecated setup.py egg_info --egg-base build/data_processing build --build-base /home/izzypopiolek/ldlidar_ros_ws/src/data_processing/build/data_processing/build install --record /home/izzypopiolek/ldlidar_ros_ws/src/data_processing/build/data_processing/install.log --single-version-externally-managed install_data
