running egg_info
writing build/data_processing/data_processing.egg-info/PKG-INFO
writing dependency_links to build/data_processing/data_processing.egg-info/dependency_links.txt
writing entry points to build/data_processing/data_processing.egg-info/entry_points.txt
writing requirements to build/data_processing/data_processing.egg-info/requires.txt
writing top-level names to build/data_processing/data_processing.egg-info/top_level.txt
reading manifest file 'build/data_processing/data_processing.egg-info/SOURCES.txt'
writing manifest file 'build/data_processing/data_processing.egg-info/SOURCES.txt'
running build
running build_py
copying data_processing/mesh_to_stl_node.py -> /home/izzypopiolek/ldlidar_ros_ws/src/data_processing/build/data_processing/build/lib/data_processing
running install
running install_lib
copying /home/izzypopiolek/ldlidar_ros_ws/src/data_processing/build/data_processing/build/lib/data_processing/mesh_to_stl_node.py -> /home/izzypopiolek/ldlidar_ros_ws/src/data_processing/install/data_processing/lib/python3.10/site-packages/data_processing
byte-compiling /home/izzypopiolek/ldlidar_ros_ws/src/data_processing/install/data_processing/lib/python3.10/site-packages/data_processing/mesh_to_stl_node.py to mesh_to_stl_node.cpython-310.pyc
running install_data
running install_egg_info
removing '/home/izzypopiolek/ldlidar_ros_ws/src/data_processing/install/data_processing/lib/python3.10/site-packages/data_processing-0.0.1-py3.10.egg-info' (and everything under it)
Copying build/data_processing/data_processing.egg-info to /home/izzypopiolek/ldlidar_ros_ws/src/data_processing/install/data_processing/lib/python3.10/site-packages/data_processing-0.0.1-py3.10.egg-info
running install_scripts
Installing mesh_modifier_node script to /home/izzypopiolek/ldlidar_ros_ws/src/data_processing/install/data_processing/lib/data_processing
Installing mesh_publisher_node script to /home/izzypopiolek/ldlidar_ros_ws/src/data_processing/install/data_processing/lib/data_processing
Installing mesh_to_stl_node script to /home/izzypopiolek/ldlidar_ros_ws/src/data_processing/install/data_processing/lib/data_processing
Installing pcd_publisher_node script to /home/izzypopiolek/ldlidar_ros_ws/src/data_processing/install/data_processing/lib/data_processing
writing list of installed files to '/home/izzypopiolek/ldlidar_ros_ws/src/data_processing/build/data_processing/install.log'
