[0.516s] DEBUG:colcon:Command line arguments: ['/usr/bin/colcon', 'build', '--packages-select', 'data_processing']
[0.516s] DEBUG:colcon:Parsed command line arguments: Namespace(log_base=None, log_level=None, verb_name='build', build_base='build', install_base='install', merge_install=False, symlink_install=False, test_result_base=None, continue_on_error=False, executor='parallel', parallel_workers=4, event_handlers=None, ignore_user_meta=False, metas=['./colcon.meta'], base_paths=['.'], packages_ignore=None, packages_ignore_regex=None, paths=None, packages_up_to=None, packages_up_to_regex=None, packages_above=None, packages_above_and_dependencies=None, packages_above_depth=None, packages_select_by_dep=None, packages_skip_by_dep=None, packages_skip_up_to=None, packages_select_build_failed=False, packages_skip_build_finished=False, packages_select_test_failures=False, packages_skip_test_passed=False, packages_select=['data_processing'], packages_skip=None, packages_select_regex=None, packages_skip_regex=None, packages_start=None, packages_end=None, allow_overriding=[], cmake_args=None, cmake_target=None, cmake_target_skip_unavailable=False, cmake_clean_cache=False, cmake_clean_first=False, cmake_force_configure=False, ament_cmake_args=None, catkin_cmake_args=None, catkin_skip_building_tests=False, mixin_files=None, mixin=None, verb_parser=<colcon_mixin.mixin.mixin_argument.MixinArgumentDecorator object at 0x72bd630760b0>, verb_extension=<colcon_core.verb.build.BuildVerb object at 0x72bd63075ae0>, main=<bound method BuildVerb.main of <colcon_core.verb.build.BuildVerb object at 0x72bd63075ae0>>, mixin_verb=('build',))
[0.957s] Level 1:colcon.colcon_core.package_discovery:discover_packages(colcon_meta) check parameters
[0.957s] Level 1:colcon.colcon_core.package_discovery:discover_packages(recursive) check parameters
[0.957s] Level 1:colcon.colcon_core.package_discovery:discover_packages(ignore) check parameters
[0.957s] Level 1:colcon.colcon_core.package_discovery:discover_packages(path) check parameters
[0.957s] Level 1:colcon.colcon_core.package_discovery:discover_packages(colcon_meta) discover
[0.957s] Level 1:colcon.colcon_core.package_discovery:discover_packages(recursive) discover
[0.957s] INFO:colcon.colcon_core.package_discovery:Crawling recursively for packages in '/home/izzypopiolek/ldlidar_ros_ws/src/data_processing'
[0.957s] Level 1:colcon.colcon_core.package_identification:_identify(.) by extensions ['ignore', 'ignore_ament_install']
[0.958s] Level 1:colcon.colcon_core.package_identification:_identify(.) by extension 'ignore'
[0.958s] Level 1:colcon.colcon_core.package_identification:_identify(.) by extension 'ignore_ament_install'
[0.958s] Level 1:colcon.colcon_core.package_identification:_identify(.) by extensions ['colcon_pkg']
[0.958s] Level 1:colcon.colcon_core.package_identification:_identify(.) by extension 'colcon_pkg'
[0.958s] Level 1:colcon.colcon_core.package_identification:_identify(.) by extensions ['colcon_meta']
[0.958s] Level 1:colcon.colcon_core.package_identification:_identify(.) by extension 'colcon_meta'
[0.958s] Level 1:colcon.colcon_core.package_identification:_identify(.) by extensions ['ros']
[0.958s] Level 1:colcon.colcon_core.package_identification:_identify(.) by extension 'ros'
[0.999s] DEBUG:colcon.colcon_core.package_identification:Package '.' with type 'ros.ament_python' and name 'data_processing'
[0.999s] Level 1:colcon.colcon_core.package_discovery:discover_packages(recursive) using defaults
[1.000s] Level 1:colcon.colcon_core.package_discovery:discover_packages(ignore) discover
[1.000s] Level 1:colcon.colcon_core.package_discovery:discover_packages(ignore) using defaults
[1.000s] Level 1:colcon.colcon_core.package_discovery:discover_packages(path) discover
[1.000s] Level 1:colcon.colcon_core.package_discovery:discover_packages(path) using defaults
[1.084s] Level 1:colcon.colcon_core.package_discovery:discover_packages(prefix_path) check parameters
[1.084s] Level 1:colcon.colcon_core.package_discovery:discover_packages(prefix_path) discover
[1.088s] DEBUG:colcon.colcon_installed_package_information.package_discovery:Found 1 installed packages in /home/izzypopiolek/ldlidar_ros_ws/src/data_processing/install
[1.091s] DEBUG:colcon.colcon_installed_package_information.package_discovery:Found 2 installed packages in /home/izzypopiolek/ldlidar_ros_ws/install
[1.094s] DEBUG:colcon.colcon_installed_package_information.package_discovery:Found 281 installed packages in /opt/ros/iron
[1.097s] Level 1:colcon.colcon_core.package_discovery:discover_packages(prefix_path) using defaults
[1.305s] Level 5:colcon.colcon_core.verb:set package 'data_processing' build argument 'cmake_args' from command line to 'None'
[1.305s] Level 5:colcon.colcon_core.verb:set package 'data_processing' build argument 'cmake_target' from command line to 'None'
[1.305s] Level 5:colcon.colcon_core.verb:set package 'data_processing' build argument 'cmake_target_skip_unavailable' from command line to 'False'
[1.305s] Level 5:colcon.colcon_core.verb:set package 'data_processing' build argument 'cmake_clean_cache' from command line to 'False'
[1.305s] Level 5:colcon.colcon_core.verb:set package 'data_processing' build argument 'cmake_clean_first' from command line to 'False'
[1.305s] Level 5:colcon.colcon_core.verb:set package 'data_processing' build argument 'cmake_force_configure' from command line to 'False'
[1.305s] Level 5:colcon.colcon_core.verb:set package 'data_processing' build argument 'ament_cmake_args' from command line to 'None'
[1.305s] Level 5:colcon.colcon_core.verb:set package 'data_processing' build argument 'catkin_cmake_args' from command line to 'None'
[1.305s] Level 5:colcon.colcon_core.verb:set package 'data_processing' build argument 'catkin_skip_building_tests' from command line to 'False'
[1.305s] DEBUG:colcon.colcon_core.verb:Building package 'data_processing' with the following arguments: {'ament_cmake_args': None, 'build_base': '/home/izzypopiolek/ldlidar_ros_ws/src/data_processing/build/data_processing', 'catkin_cmake_args': None, 'catkin_skip_building_tests': False, 'cmake_args': None, 'cmake_clean_cache': False, 'cmake_clean_first': False, 'cmake_force_configure': False, 'cmake_target': None, 'cmake_target_skip_unavailable': False, 'install_base': '/home/izzypopiolek/ldlidar_ros_ws/src/data_processing/install/data_processing', 'merge_install': False, 'path': '/home/izzypopiolek/ldlidar_ros_ws/src/data_processing', 'symlink_install': False, 'test_result_base': None}
[1.305s] INFO:colcon.colcon_core.executor:Executing jobs using 'parallel' executor
[1.307s] DEBUG:colcon.colcon_parallel_executor.executor.parallel:run_until_complete
[1.307s] INFO:colcon.colcon_ros.task.ament_python.build:Building ROS package in '/home/izzypopiolek/ldlidar_ros_ws/src/data_processing' with build type 'ament_python'
[1.307s] Level 1:colcon.colcon_core.shell:create_environment_hook('data_processing', 'ament_prefix_path')
[1.314s] INFO:colcon.colcon_core.plugin_system:Skipping extension 'colcon_core.shell.bat': Not used on non-Windows systems
[1.315s] INFO:colcon.colcon_core.shell:Creating environment hook '/home/izzypopiolek/ldlidar_ros_ws/src/data_processing/install/data_processing/share/data_processing/hook/ament_prefix_path.ps1'
[1.319s] INFO:colcon.colcon_core.shell:Creating environment descriptor '/home/izzypopiolek/ldlidar_ros_ws/src/data_processing/install/data_processing/share/data_processing/hook/ament_prefix_path.dsv'
[1.320s] INFO:colcon.colcon_core.shell:Creating environment hook '/home/izzypopiolek/ldlidar_ros_ws/src/data_processing/install/data_processing/share/data_processing/hook/ament_prefix_path.sh'
[1.322s] INFO:colcon.colcon_core.shell:Skip shell extension 'powershell' for command environment: Not usable outside of PowerShell
[1.323s] DEBUG:colcon.colcon_core.shell:Skip shell extension 'dsv' for command environment
[1.957s] INFO:colcon.colcon_core.task.python.build:Building Python package in '/home/izzypopiolek/ldlidar_ros_ws/src/data_processing'
[1.958s] INFO:colcon.colcon_core.shell:Skip shell extension 'powershell' for command environment: Not usable outside of PowerShell
[1.958s] DEBUG:colcon.colcon_core.shell:Skip shell extension 'dsv' for command environment
[3.390s] DEBUG:colcon.colcon_core.event_handler.log_command:Invoking command in '/home/izzypopiolek/ldlidar_ros_ws/src/data_processing': PYTHONPATH=/home/izzypopiolek/ldlidar_ros_ws/src/data_processing/build/data_processing/prefix_override:/usr/lib/python3/dist-packages/colcon_core/task/python/colcon_distutils_commands:/home/izzypopiolek/ldlidar_ros_ws/src/data_processing/install/data_processing/lib/python3.10/site-packages:${PYTHONPATH} /usr/bin/python3 -W ignore:setup.py install is deprecated -W ignore:easy_install command is deprecated setup.py egg_info --egg-base build/data_processing build --build-base /home/izzypopiolek/ldlidar_ros_ws/src/data_processing/build/data_processing/build install --record /home/izzypopiolek/ldlidar_ros_ws/src/data_processing/build/data_processing/install.log --single-version-externally-managed install_data
[4.490s] DEBUG:colcon.colcon_core.event_handler.log_command:Invoked command in '/home/izzypopiolek/ldlidar_ros_ws/src/data_processing' returned '0': PYTHONPATH=/home/izzypopiolek/ldlidar_ros_ws/src/data_processing/build/data_processing/prefix_override:/usr/lib/python3/dist-packages/colcon_core/task/python/colcon_distutils_commands:/home/izzypopiolek/ldlidar_ros_ws/src/data_processing/install/data_processing/lib/python3.10/site-packages:${PYTHONPATH} /usr/bin/python3 -W ignore:setup.py install is deprecated -W ignore:easy_install command is deprecated setup.py egg_info --egg-base build/data_processing build --build-base /home/izzypopiolek/ldlidar_ros_ws/src/data_processing/build/data_processing/build install --record /home/izzypopiolek/ldlidar_ros_ws/src/data_processing/build/data_processing/install.log --single-version-externally-managed install_data
[4.509s] Level 1:colcon.colcon_core.environment:checking '/home/izzypopiolek/ldlidar_ros_ws/src/data_processing/install/data_processing' for CMake module files
[4.510s] Level 1:colcon.colcon_core.environment:checking '/home/izzypopiolek/ldlidar_ros_ws/src/data_processing/install/data_processing' for CMake config files
[4.513s] Level 1:colcon.colcon_core.environment:checking '/home/izzypopiolek/ldlidar_ros_ws/src/data_processing/install/data_processing/lib'
[4.515s] Level 1:colcon.colcon_core.environment:checking '/home/izzypopiolek/ldlidar_ros_ws/src/data_processing/install/data_processing/bin'
[4.515s] Level 1:colcon.colcon_core.environment:checking '/home/izzypopiolek/ldlidar_ros_ws/src/data_processing/install/data_processing/lib/pkgconfig/data_processing.pc'
[4.516s] Level 1:colcon.colcon_core.environment:checking '/home/izzypopiolek/ldlidar_ros_ws/src/data_processing/install/data_processing/lib/python3.10/site-packages'
[4.517s] Level 1:colcon.colcon_core.shell:create_environment_hook('data_processing', 'pythonpath')
[4.518s] INFO:colcon.colcon_core.shell:Creating environment hook '/home/izzypopiolek/ldlidar_ros_ws/src/data_processing/install/data_processing/share/data_processing/hook/pythonpath.ps1'
[4.522s] INFO:colcon.colcon_core.shell:Creating environment descriptor '/home/izzypopiolek/ldlidar_ros_ws/src/data_processing/install/data_processing/share/data_processing/hook/pythonpath.dsv'
[4.525s] INFO:colcon.colcon_core.shell:Creating environment hook '/home/izzypopiolek/ldlidar_ros_ws/src/data_processing/install/data_processing/share/data_processing/hook/pythonpath.sh'
[4.527s] Level 1:colcon.colcon_core.environment:checking '/home/izzypopiolek/ldlidar_ros_ws/src/data_processing/install/data_processing/bin'
[4.528s] Level 1:colcon.colcon_core.environment:create_environment_scripts_only(data_processing)
[4.529s] INFO:colcon.colcon_core.shell:Creating package script '/home/izzypopiolek/ldlidar_ros_ws/src/data_processing/install/data_processing/share/data_processing/package.ps1'
[4.535s] INFO:colcon.colcon_core.shell:Creating package descriptor '/home/izzypopiolek/ldlidar_ros_ws/src/data_processing/install/data_processing/share/data_processing/package.dsv'
[4.539s] INFO:colcon.colcon_core.shell:Creating package script '/home/izzypopiolek/ldlidar_ros_ws/src/data_processing/install/data_processing/share/data_processing/package.sh'
[4.543s] INFO:colcon.colcon_core.shell:Creating package script '/home/izzypopiolek/ldlidar_ros_ws/src/data_processing/install/data_processing/share/data_processing/package.bash'
[4.546s] INFO:colcon.colcon_core.shell:Creating package script '/home/izzypopiolek/ldlidar_ros_ws/src/data_processing/install/data_processing/share/data_processing/package.zsh'
[4.551s] Level 1:colcon.colcon_core.environment:create_file_with_runtime_dependencies(/home/izzypopiolek/ldlidar_ros_ws/src/data_processing/install/data_processing/share/colcon-core/packages/data_processing)
[4.552s] DEBUG:colcon.colcon_parallel_executor.executor.parallel:closing loop
[4.553s] DEBUG:colcon.colcon_parallel_executor.executor.parallel:loop closed
[4.554s] DEBUG:colcon.colcon_parallel_executor.executor.parallel:run_until_complete finished with '0'
[4.554s] DEBUG:colcon.colcon_core.event_reactor:joining thread
[4.609s] INFO:colcon.colcon_core.plugin_system:Skipping extension 'colcon_notification.desktop_notification.terminal_notifier': Not used on non-Darwin systems
[4.609s] INFO:colcon.colcon_core.plugin_system:Skipping extension 'colcon_notification.desktop_notification.win32': Not used on non-Windows systems
[4.609s] INFO:colcon.colcon_notification.desktop_notification:Sending desktop notification using 'notify2'
[4.720s] DEBUG:colcon.colcon_core.event_reactor:joined thread
[4.720s] INFO:colcon.colcon_core.shell:Creating prefix script '/home/izzypopiolek/ldlidar_ros_ws/src/data_processing/install/local_setup.ps1'
[4.724s] INFO:colcon.colcon_core.shell:Creating prefix util module '/home/izzypopiolek/ldlidar_ros_ws/src/data_processing/install/_local_setup_util_ps1.py'
[4.728s] INFO:colcon.colcon_core.shell:Creating prefix chain script '/home/izzypopiolek/ldlidar_ros_ws/src/data_processing/install/setup.ps1'
[4.731s] INFO:colcon.colcon_core.shell:Creating prefix script '/home/izzypopiolek/ldlidar_ros_ws/src/data_processing/install/local_setup.sh'
[4.734s] INFO:colcon.colcon_core.shell:Creating prefix util module '/home/izzypopiolek/ldlidar_ros_ws/src/data_processing/install/_local_setup_util_sh.py'
[4.741s] INFO:colcon.colcon_core.shell:Creating prefix chain script '/home/izzypopiolek/ldlidar_ros_ws/src/data_processing/install/setup.sh'
[4.746s] INFO:colcon.colcon_core.shell:Creating prefix script '/home/izzypopiolek/ldlidar_ros_ws/src/data_processing/install/local_setup.bash'
[4.750s] INFO:colcon.colcon_core.shell:Creating prefix chain script '/home/izzypopiolek/ldlidar_ros_ws/src/data_processing/install/setup.bash'
[4.760s] INFO:colcon.colcon_core.shell:Creating prefix script '/home/izzypopiolek/ldlidar_ros_ws/src/data_processing/install/local_setup.zsh'
[4.766s] INFO:colcon.colcon_core.shell:Creating prefix chain script '/home/izzypopiolek/ldlidar_ros_ws/src/data_processing/install/setup.zsh'
