[0.153s] DEBUG:colcon:Command line arguments: ['/usr/bin/colcon', 'build', '--packages-select', 'data_processing']
[0.153s] DEBUG:colcon:Parsed command line arguments: Namespace(log_base=None, log_level=None, verb_name='build', build_base='build', install_base='install', merge_install=False, symlink_install=False, test_result_base=None, continue_on_error=False, executor='parallel', parallel_workers=4, event_handlers=None, ignore_user_meta=False, metas=['./colcon.meta'], base_paths=['.'], packages_ignore=None, packages_ignore_regex=None, paths=None, packages_up_to=None, packages_up_to_regex=None, packages_above=None, packages_above_and_dependencies=None, packages_above_depth=None, packages_select_by_dep=None, packages_skip_by_dep=None, packages_skip_up_to=None, packages_select_build_failed=False, packages_skip_build_finished=False, packages_select_test_failures=False, packages_skip_test_passed=False, packages_select=['data_processing'], packages_skip=None, packages_select_regex=None, packages_skip_regex=None, packages_start=None, packages_end=None, allow_overriding=[], cmake_args=None, cmake_target=None, cmake_target_skip_unavailable=False, cmake_clean_cache=False, cmake_clean_first=False, cmake_force_configure=False, ament_cmake_args=None, catkin_cmake_args=None, catkin_skip_building_tests=False, mixin_files=None, mixin=None, verb_parser=<colcon_mixin.mixin.mixin_argument.MixinArgumentDecorator object at 0x7029e255d930>, verb_extension=<colcon_core.verb.build.BuildVerb object at 0x7029e255d360>, main=<bound method BuildVerb.main of <colcon_core.verb.build.BuildVerb object at 0x7029e255d360>>, mixin_verb=('build',))
[0.391s] Level 1:colcon.colcon_core.package_discovery:discover_packages(colcon_meta) check parameters
[0.391s] Level 1:colcon.colcon_core.package_discovery:discover_packages(recursive) check parameters
[0.391s] Level 1:colcon.colcon_core.package_discovery:discover_packages(ignore) check parameters
[0.391s] Level 1:colcon.colcon_core.package_discovery:discover_packages(path) check parameters
[0.391s] Level 1:colcon.colcon_core.package_discovery:discover_packages(colcon_meta) discover
[0.391s] Level 1:colcon.colcon_core.package_discovery:discover_packages(recursive) discover
[0.391s] INFO:colcon.colcon_core.package_discovery:Crawling recursively for packages in '/home/izzypopiolek/ldlidar_ros_ws/src/data_processing'
[0.391s] Level 1:colcon.colcon_core.package_identification:_identify(.) by extensions ['ignore', 'ignore_ament_install']
[0.391s] Level 1:colcon.colcon_core.package_identification:_identify(.) by extension 'ignore'
[0.392s] Level 1:colcon.colcon_core.package_identification:_identify(.) by extension 'ignore_ament_install'
[0.392s] Level 1:colcon.colcon_core.package_identification:_identify(.) by extensions ['colcon_pkg']
[0.392s] Level 1:colcon.colcon_core.package_identification:_identify(.) by extension 'colcon_pkg'
[0.392s] Level 1:colcon.colcon_core.package_identification:_identify(.) by extensions ['colcon_meta']
[0.392s] Level 1:colcon.colcon_core.package_identification:_identify(.) by extension 'colcon_meta'
[0.392s] Level 1:colcon.colcon_core.package_identification:_identify(.) by extensions ['ros']
[0.392s] Level 1:colcon.colcon_core.package_identification:_identify(.) by extension 'ros'
[0.412s] DEBUG:colcon.colcon_core.package_identification:Package '.' with type 'ros.ament_python' and name 'data_processing'
[0.412s] Level 1:colcon.colcon_core.package_discovery:discover_packages(recursive) using defaults
[0.412s] Level 1:colcon.colcon_core.package_discovery:discover_packages(ignore) discover
[0.412s] Level 1:colcon.colcon_core.package_discovery:discover_packages(ignore) using defaults
[0.412s] Level 1:colcon.colcon_core.package_discovery:discover_packages(path) discover
[0.412s] Level 1:colcon.colcon_core.package_discovery:discover_packages(path) using defaults
[0.450s] Level 1:colcon.colcon_core.package_discovery:discover_packages(prefix_path) check parameters
[0.451s] Level 1:colcon.colcon_core.package_discovery:discover_packages(prefix_path) discover
[0.453s] DEBUG:colcon.colcon_installed_package_information.package_discovery:Found 2 installed packages in /home/izzypopiolek/ldlidar_ros_ws/install
[0.454s] DEBUG:colcon.colcon_installed_package_information.package_discovery:Found 281 installed packages in /opt/ros/iron
[0.456s] Level 1:colcon.colcon_core.package_discovery:discover_packages(prefix_path) using defaults
[0.519s] Level 5:colcon.colcon_core.verb:set package 'data_processing' build argument 'cmake_args' from command line to 'None'
[0.519s] Level 5:colcon.colcon_core.verb:set package 'data_processing' build argument 'cmake_target' from command line to 'None'
[0.519s] Level 5:colcon.colcon_core.verb:set package 'data_processing' build argument 'cmake_target_skip_unavailable' from command line to 'False'
[0.519s] Level 5:colcon.colcon_core.verb:set package 'data_processing' build argument 'cmake_clean_cache' from command line to 'False'
[0.519s] Level 5:colcon.colcon_core.verb:set package 'data_processing' build argument 'cmake_clean_first' from command line to 'False'
[0.519s] Level 5:colcon.colcon_core.verb:set package 'data_processing' build argument 'cmake_force_configure' from command line to 'False'
[0.519s] Level 5:colcon.colcon_core.verb:set package 'data_processing' build argument 'ament_cmake_args' from command line to 'None'
[0.519s] Level 5:colcon.colcon_core.verb:set package 'data_processing' build argument 'catkin_cmake_args' from command line to 'None'
[0.519s] Level 5:colcon.colcon_core.verb:set package 'data_processing' build argument 'catkin_skip_building_tests' from command line to 'False'
[0.520s] DEBUG:colcon.colcon_core.verb:Building package 'data_processing' with the following arguments: {'ament_cmake_args': None, 'build_base': '/home/izzypopiolek/ldlidar_ros_ws/src/data_processing/build/data_processing', 'catkin_cmake_args': None, 'catkin_skip_building_tests': False, 'cmake_args': None, 'cmake_clean_cache': False, 'cmake_clean_first': False, 'cmake_force_configure': False, 'cmake_target': None, 'cmake_target_skip_unavailable': False, 'install_base': '/home/izzypopiolek/ldlidar_ros_ws/src/data_processing/install/data_processing', 'merge_install': False, 'path': '/home/izzypopiolek/ldlidar_ros_ws/src/data_processing', 'symlink_install': False, 'test_result_base': None}
[0.520s] INFO:colcon.colcon_core.executor:Executing jobs using 'parallel' executor
[0.521s] DEBUG:colcon.colcon_parallel_executor.executor.parallel:run_until_complete
[0.521s] INFO:colcon.colcon_ros.task.ament_python.build:Building ROS package in '/home/izzypopiolek/ldlidar_ros_ws/src/data_processing' with build type 'ament_python'
[0.522s] Level 1:colcon.colcon_core.shell:create_environment_hook('data_processing', 'ament_prefix_path')
[0.524s] INFO:colcon.colcon_core.plugin_system:Skipping extension 'colcon_core.shell.bat': Not used on non-Windows systems
[0.524s] INFO:colcon.colcon_core.shell:Creating environment hook '/home/izzypopiolek/ldlidar_ros_ws/src/data_processing/install/data_processing/share/data_processing/hook/ament_prefix_path.ps1'
[0.525s] INFO:colcon.colcon_core.shell:Creating environment descriptor '/home/izzypopiolek/ldlidar_ros_ws/src/data_processing/install/data_processing/share/data_processing/hook/ament_prefix_path.dsv'
[0.526s] INFO:colcon.colcon_core.shell:Creating environment hook '/home/izzypopiolek/ldlidar_ros_ws/src/data_processing/install/data_processing/share/data_processing/hook/ament_prefix_path.sh'
[0.527s] INFO:colcon.colcon_core.shell:Skip shell extension 'powershell' for command environment: Not usable outside of PowerShell
[0.527s] DEBUG:colcon.colcon_core.shell:Skip shell extension 'dsv' for command environment
[1.067s] INFO:colcon.colcon_core.task.python.build:Building Python package in '/home/izzypopiolek/ldlidar_ros_ws/src/data_processing'
[1.068s] INFO:colcon.colcon_core.shell:Skip shell extension 'powershell' for command environment: Not usable outside of PowerShell
[1.068s] DEBUG:colcon.colcon_core.shell:Skip shell extension 'dsv' for command environment
[1.612s] DEBUG:colcon.colcon_core.event_handler.log_command:Invoking command in '/home/izzypopiolek/ldlidar_ros_ws/src/data_processing': PYTHONPATH=/home/izzypopiolek/ldlidar_ros_ws/src/data_processing/build/data_processing/prefix_override:/usr/lib/python3/dist-packages/colcon_core/task/python/colcon_distutils_commands:/home/izzypopiolek/ldlidar_ros_ws/src/data_processing/install/data_processing/lib/python3.10/site-packages:${PYTHONPATH} /usr/bin/python3 -W ignore:setup.py install is deprecated -W ignore:easy_install command is deprecated setup.py egg_info --egg-base build/data_processing build --build-base /home/izzypopiolek/ldlidar_ros_ws/src/data_processing/build/data_processing/build install --record /home/izzypopiolek/ldlidar_ros_ws/src/data_processing/build/data_processing/install.log --single-version-externally-managed install_data
[2.240s] DEBUG:colcon.colcon_core.event_handler.log_command:Invoked command in '/home/izzypopiolek/ldlidar_ros_ws/src/data_processing' returned '0': PYTHONPATH=/home/izzypopiolek/ldlidar_ros_ws/src/data_processing/build/data_processing/prefix_override:/usr/lib/python3/dist-packages/colcon_core/task/python/colcon_distutils_commands:/home/izzypopiolek/ldlidar_ros_ws/src/data_processing/install/data_processing/lib/python3.10/site-packages:${PYTHONPATH} /usr/bin/python3 -W ignore:setup.py install is deprecated -W ignore:easy_install command is deprecated setup.py egg_info --egg-base build/data_processing build --build-base /home/izzypopiolek/ldlidar_ros_ws/src/data_processing/build/data_processing/build install --record /home/izzypopiolek/ldlidar_ros_ws/src/data_processing/build/data_processing/install.log --single-version-externally-managed install_data
[2.245s] Level 1:colcon.colcon_core.environment:checking '/home/izzypopiolek/ldlidar_ros_ws/src/data_processing/install/data_processing' for CMake module files
[2.246s] Level 1:colcon.colcon_core.environment:checking '/home/izzypopiolek/ldlidar_ros_ws/src/data_processing/install/data_processing' for CMake config files
[2.246s] Level 1:colcon.colcon_core.environment:checking '/home/izzypopiolek/ldlidar_ros_ws/src/data_processing/install/data_processing/lib'
[2.247s] Level 1:colcon.colcon_core.environment:checking '/home/izzypopiolek/ldlidar_ros_ws/src/data_processing/install/data_processing/bin'
[2.247s] Level 1:colcon.colcon_core.environment:checking '/home/izzypopiolek/ldlidar_ros_ws/src/data_processing/install/data_processing/lib/pkgconfig/data_processing.pc'
[2.247s] Level 1:colcon.colcon_core.environment:checking '/home/izzypopiolek/ldlidar_ros_ws/src/data_processing/install/data_processing/lib/python3.10/site-packages'
[2.247s] Level 1:colcon.colcon_core.shell:create_environment_hook('data_processing', 'pythonpath')
[2.247s] INFO:colcon.colcon_core.shell:Creating environment hook '/home/izzypopiolek/ldlidar_ros_ws/src/data_processing/install/data_processing/share/data_processing/hook/pythonpath.ps1'
[2.248s] INFO:colcon.colcon_core.shell:Creating environment descriptor '/home/izzypopiolek/ldlidar_ros_ws/src/data_processing/install/data_processing/share/data_processing/hook/pythonpath.dsv'
[2.248s] INFO:colcon.colcon_core.shell:Creating environment hook '/home/izzypopiolek/ldlidar_ros_ws/src/data_processing/install/data_processing/share/data_processing/hook/pythonpath.sh'
[2.249s] Level 1:colcon.colcon_core.environment:checking '/home/izzypopiolek/ldlidar_ros_ws/src/data_processing/install/data_processing/bin'
[2.249s] Level 1:colcon.colcon_core.environment:create_environment_scripts_only(data_processing)
[2.250s] INFO:colcon.colcon_core.shell:Creating package script '/home/izzypopiolek/ldlidar_ros_ws/src/data_processing/install/data_processing/share/data_processing/package.ps1'
[2.251s] INFO:colcon.colcon_core.shell:Creating package descriptor '/home/izzypopiolek/ldlidar_ros_ws/src/data_processing/install/data_processing/share/data_processing/package.dsv'
[2.253s] INFO:colcon.colcon_core.shell:Creating package script '/home/izzypopiolek/ldlidar_ros_ws/src/data_processing/install/data_processing/share/data_processing/package.sh'
[2.256s] INFO:colcon.colcon_core.shell:Creating package script '/home/izzypopiolek/ldlidar_ros_ws/src/data_processing/install/data_processing/share/data_processing/package.bash'
[2.258s] INFO:colcon.colcon_core.shell:Creating package script '/home/izzypopiolek/ldlidar_ros_ws/src/data_processing/install/data_processing/share/data_processing/package.zsh'
[2.260s] Level 1:colcon.colcon_core.environment:create_file_with_runtime_dependencies(/home/izzypopiolek/ldlidar_ros_ws/src/data_processing/install/data_processing/share/colcon-core/packages/data_processing)
[2.261s] DEBUG:colcon.colcon_parallel_executor.executor.parallel:closing loop
[2.261s] DEBUG:colcon.colcon_parallel_executor.executor.parallel:loop closed
[2.262s] DEBUG:colcon.colcon_parallel_executor.executor.parallel:run_until_complete finished with '0'
[2.262s] DEBUG:colcon.colcon_core.event_reactor:joining thread
[2.269s] INFO:colcon.colcon_core.plugin_system:Skipping extension 'colcon_notification.desktop_notification.terminal_notifier': Not used on non-Darwin systems
[2.269s] INFO:colcon.colcon_core.plugin_system:Skipping extension 'colcon_notification.desktop_notification.win32': Not used on non-Windows systems
[2.269s] INFO:colcon.colcon_notification.desktop_notification:Sending desktop notification using 'notify2'
[2.297s] DEBUG:colcon.colcon_core.event_reactor:joined thread
[2.298s] INFO:colcon.colcon_core.shell:Creating prefix script '/home/izzypopiolek/ldlidar_ros_ws/src/data_processing/install/local_setup.ps1'
[2.299s] INFO:colcon.colcon_core.shell:Creating prefix util module '/home/izzypopiolek/ldlidar_ros_ws/src/data_processing/install/_local_setup_util_ps1.py'
[2.304s] INFO:colcon.colcon_core.shell:Creating prefix chain script '/home/izzypopiolek/ldlidar_ros_ws/src/data_processing/install/setup.ps1'
[2.310s] INFO:colcon.colcon_core.shell:Creating prefix script '/home/izzypopiolek/ldlidar_ros_ws/src/data_processing/install/local_setup.sh'
[2.314s] INFO:colcon.colcon_core.shell:Creating prefix util module '/home/izzypopiolek/ldlidar_ros_ws/src/data_processing/install/_local_setup_util_sh.py'
[2.316s] INFO:colcon.colcon_core.shell:Creating prefix chain script '/home/izzypopiolek/ldlidar_ros_ws/src/data_processing/install/setup.sh'
[2.319s] INFO:colcon.colcon_core.shell:Creating prefix script '/home/izzypopiolek/ldlidar_ros_ws/src/data_processing/install/local_setup.bash'
[2.320s] INFO:colcon.colcon_core.shell:Creating prefix chain script '/home/izzypopiolek/ldlidar_ros_ws/src/data_processing/install/setup.bash'
[2.321s] INFO:colcon.colcon_core.shell:Creating prefix script '/home/izzypopiolek/ldlidar_ros_ws/src/data_processing/install/local_setup.zsh'
[2.322s] INFO:colcon.colcon_core.shell:Creating prefix chain script '/home/izzypopiolek/ldlidar_ros_ws/src/data_processing/install/setup.zsh'
